75: Source(./p4-semantics.k) Location(27,6,27,86)
282: Source(./p4-semantics.k) Location(35,6,38,19)
75: Source(./p4-semantics.k) Location(27,6,27,86)
39: Source(./p4-semantics.k) Location(94,6,101,111)
36: Source(./p4-semantics.k) Location(136,6,138,102)
388: Source(./p4-semantics.k) Location(143,6,143,115)
46: Source(./p4-semantics.k) Location(147,6,155,19)
443: null null
187: Source(./p4-semantics.k) Location(754,6,755,70)
173: Source(./p4-semantics.k) Location(763,6,764,22)
137: null null
448: Source(./p4-semantics.k) Location(158,6,162,21)
63: Source(./p4-semantics.k) Location(142,6,142,37)
75: Source(./p4-semantics.k) Location(27,6,27,86)
161: Source(./p4-semantics.k) Location(167,6,172,26)
75: Source(./p4-semantics.k) Location(27,6,27,86)
453: Source(./p4-semantics.k) Location(224,6,236,18)
75: Source(./p4-semantics.k) Location(27,6,27,86)
260: Source(./p4-semantics.k) Location(282,6,287,21)
75: Source(./p4-semantics.k) Location(27,6,27,86)
252: Source(./p4-semantics.k) Location(317,6,322,25)
75: Source(./p4-semantics.k) Location(27,6,27,86)
260: Source(./p4-semantics.k) Location(282,6,287,21)
75: Source(./p4-semantics.k) Location(27,6,27,86)
252: Source(./p4-semantics.k) Location(317,6,322,25)
75: Source(./p4-semantics.k) Location(27,6,27,86)
435: Source(./p4-semantics.k) Location(327,6,333,44)
314: Source(./p4-semantics.k) Location(29,6,29,41)
202: Source(./p4-semantics.k) Location(358,6,362,21)
192: null null
369: Source(./p4-semantics.k) Location(417,6,418,55)
47: null null
181: Source(./p4-semantics.k) Location(1647,6,1647,45)
241: Source(./p4-semantics.k) Location(413,6,414,76)
409: Source(./p4-semantics.k) Location(370,6,370,83)
475: Source(./p4-semantics.k) Location(376,6,380,22)
258: Source(/home/ali/P4/p4k/verification/load-balancer/./initialization.k) Location(24,6,93,15)
94: Source(./p4-semantics.k) Location(428,6,432,39)
146: Source(./p4-semantics.k) Location(437,7,437,27)
290: Source(./p4-semantics.k) Location(1783,6,1784,31)
146: Source(./p4-semantics.k) Location(437,7,437,27)
Attempting to prove: 
	Bool@BOOL-SYNTAX(#"true")
  implies 
	Bool@BOOL-SYNTAX(#"true")
Implication proved by simplification
Attempting to prove: 
	_andBool_(_==K_(_<=Int_(absInt(_-Int_(#onPort(_,_)(_1618:PacketList@CONFIGURATION,, Int@INT-SYNTAX(#"0")),, #onPort(_,_)(_1618:PacketList@CONFIGURATION,, Int@INT-SYNTAX(#"1")))),, Int@INT-SYNTAX(#"1")),, Bool@BOOL-SYNTAX(#"true")),, _andBool_(_==K_(_+Int_(#onPort(_,_)(_1618:PacketList@CONFIGURATION,, Int@INT-SYNTAX(#"0")),, #onPort(_,_)(_1618:PacketList@CONFIGURATION,, Int@INT-SYNTAX(#"1"))),, #packetListSize(_)(_1618:PacketList@CONFIGURATION)),, _==K_(_+Int_(#packetListSize(_)(_1530:PacketList@CONFIGURATION),, Int@INT-SYNTAX(#"0")),, #packetListSize(_)(_1618:PacketList@CONFIGURATION))))
  implies 
	_andBool_(_==K_(_<=Int_(absInt(_-Int_(#onPort(_,_)(_1618:PacketList@CONFIGURATION,, Int@INT-SYNTAX(#"0")),, #onPort(_,_)(_1618:PacketList@CONFIGURATION,, Int@INT-SYNTAX(#"1")))),, Int@INT-SYNTAX(#"1")),, Bool@BOOL-SYNTAX(#"true")),, _andBool_(_==K_(#packetListSize(_)(_1530:PacketList@CONFIGURATION),, #packetListSize(_)(_1618:PacketList@CONFIGURATION)),, _==K_(_+Int_(#onPort(_,_)(_1618:PacketList@CONFIGURATION,, Int@INT-SYNTAX(#"0")),, #onPort(_,_)(_1618:PacketList@CONFIGURATION,, Int@INT-SYNTAX(#"1"))),, #packetListSize(_)(_1618:PacketList@CONFIGURATION))))
Proved!
212: Source(./p4-semantics.k) Location(442,6,451,31)
290: Source(./p4-semantics.k) Location(1783,6,1784,31)
400: Source(./p4-semantics.k) Location(475,6,486,13)
Attempting to prove: 
	_andBool_(_==K_(_1558:PacketList@CONFIGURATION,, $nilPacketList(.KList@BASIC-K)),, _andBool_(_==K_(_orBool_(_andBool_(_==K_(_1559:Int@INT-SYNTAX,, Int@INT-SYNTAX(#"1")),, _==K_(#onPort(_,_)(_1560:PacketList@CONFIGURATION,, Int@INT-SYNTAX(#"0")),, _+Int_(#onPort(_,_)(_1560:PacketList@CONFIGURATION,, Int@INT-SYNTAX(#"1")),, Int@INT-SYNTAX(#"1")))),, _andBool_(_==K_(_1559:Int@INT-SYNTAX,, Int@INT-SYNTAX(#"0")),, _==K_(#onPort(_,_)(_1560:PacketList@CONFIGURATION,, Int@INT-SYNTAX(#"0")),, #onPort(_,_)(_1560:PacketList@CONFIGURATION,, Int@INT-SYNTAX(#"1"))))),, Bool@BOOL-SYNTAX(#"true")),, _==K_(_+Int_(#onPort(_,_)(_1560:PacketList@CONFIGURATION,, Int@INT-SYNTAX(#"0")),, #onPort(_,_)(_1560:PacketList@CONFIGURATION,, Int@INT-SYNTAX(#"1"))),, #packetListSize(_)(_1560:PacketList@CONFIGURATION))))
  implies 
	_andBool_(_==K_(_<=Int_(absInt(_-Int_(#onPort(_,_)(_1560:PacketList@CONFIGURATION,, Int@INT-SYNTAX(#"0")),, #onPort(_,_)(_1560:PacketList@CONFIGURATION,, Int@INT-SYNTAX(#"1")))),, Int@INT-SYNTAX(#"1")),, Bool@BOOL-SYNTAX(#"true")),, _andBool_(_==K_(_+Int_(#onPort(_,_)(_1560:PacketList@CONFIGURATION,, Int@INT-SYNTAX(#"0")),, #onPort(_,_)(_1560:PacketList@CONFIGURATION,, Int@INT-SYNTAX(#"1"))),, #packetListSize(_)(_1560:PacketList@CONFIGURATION)),, _==K_(_+Int_(Int@INT-SYNTAX(#"0"),, #packetListSize(_)(_1560:PacketList@CONFIGURATION)),, #packetListSize(_)(_1560:PacketList@CONFIGURATION))))
Proved!
237: Source(./p4-semantics.k) Location(734,6,738,21)
349: Source(./p4-semantics.k) Location(502,6,504,65)
367: Source(./p4-semantics.k) Location(518,6,520,34)
128: Source(./p4-semantics.k) Location(511,6,511,73)
351: Source(./p4-semantics.k) Location(514,6,514,34)
436: Source(./p4-semantics.k) Location(523,6,524,87)
169: Source(./p4-semantics.k) Location(831,6,832,42)
347: Source(./p4-semantics.k) Location(834,6,834,34)
69: Source(./p4-semantics.k) Location(973,6,977,21)
157: Source(./p4-semantics.k) Location(913,6,913,61)
203: Source(./p4-semantics.k) Location(922,6,926,15)
70: Source(./p4-semantics.k) Location(1074,6,1075,39)
71: Source(./p4-semantics.k) Location(1039,6,1040,189)
192: null null
479: Source(./p4-semantics.k) Location(1046,6,1047,60)
288: null null
40: null null
142: Source(./p4-semantics.k) Location(1066,6,1066,66)
490: null null
339: Source(./p4-semantics.k) Location(1706,6,1706,48)
17: null null
190: Source(./p4-semantics.k) Location(1689,6,1690,78)
263: null null
324: Source(./p4-semantics.k) Location(1707,6,1710,19)
362: null null
486: Source(./p4-semantics.k) Location(1070,6,1070,41)
256: null null
6: Source(./p4-semantics.k) Location(1050,6,1050,45)
383: Source(./p4-semantics.k) Location(988,6,988,49)
83: null null
174: null null
172: Source(./p4-semantics.k) Location(1045,6,1045,43)
341: null null
106: Source(./p4-semantics.k) Location(1733,6,1733,42)
47: null null
464: Source(./p4-semantics.k) Location(1646,6,1646,45)
70: Source(./p4-semantics.k) Location(1074,6,1075,39)
70: Source(./p4-semantics.k) Location(1074,6,1075,39)
114: Source(./p4-semantics.k) Location(1084,6,1087,32)
482: Source(./p4-semantics.k) Location(1466,6,1466,82)
92: Source(./p4-semantics.k) Location(1166,6,1170,16)
440: Source(./p4-semantics.k) Location(1181,6,1182,67)
226: Source(./p4-semantics.k) Location(1174,6,1174,41)
52: Source(./p4-semantics.k) Location(1187,6,1187,61)
363: Source(./p4-semantics.k) Location(1191,6,1191,78)
196: null null
508: Source(./p4-semantics.k) Location(1143,6,1143,95)
466: Source(./p4-semantics.k) Location(1158,6,1159,78)
20: Source(./p4-semantics.k) Location(1144,6,1144,88)
119: Source(./p4-semantics.k) Location(1753,6,1753,55)
130: Source(./p4-semantics.k) Location(1145,6,1145,86)
208: Source(./p4-semantics.k) Location(1142,6,1142,45)
138: null null
354: Source(./p4-semantics.k) Location(1431,6,1432,106)
336: Source(./p4-semantics.k) Location(1443,6,1450,110)
54: Source(./p4-semantics.k) Location(1433,6,1433,105)
379: null null
503: Source(./p4-semantics.k) Location(1125,6,1126,113)
311: null null
493: Source(./p4-semantics.k) Location(722,6,722,90)
318: null null
190: Source(./p4-semantics.k) Location(1689,6,1690,78)
424: null null
215: Source(./p4-semantics.k) Location(723,6,731,21)
124: null null
187: Source(./p4-semantics.k) Location(754,6,755,70)
173: Source(./p4-semantics.k) Location(763,6,764,22)
207: null null
237: Source(./p4-semantics.k) Location(734,6,738,21)
299: Source(./p4-semantics.k) Location(1188,6,1188,61)
84: Source(./p4-semantics.k) Location(1183,6,1184,66)
70: Source(./p4-semantics.k) Location(1074,6,1075,39)
70: Source(./p4-semantics.k) Location(1074,6,1075,39)
70: Source(./p4-semantics.k) Location(1074,6,1075,39)
41: Source(./p4-semantics.k) Location(932,6,932,46)
157: Source(./p4-semantics.k) Location(913,6,913,61)
203: Source(./p4-semantics.k) Location(922,6,926,15)
70: Source(./p4-semantics.k) Location(1074,6,1075,39)
71: Source(./p4-semantics.k) Location(1039,6,1040,189)
192: null null
479: Source(./p4-semantics.k) Location(1046,6,1047,60)
288: null null
40: null null
88: Source(./p4-semantics.k) Location(1062,6,1062,121)
413: Source(./p4-semantics.k) Location(1665,6,1665,63)
321: null null
190: Source(./p4-semantics.k) Location(1689,6,1690,78)
434: null null
148: Source(./p4-semantics.k) Location(1666,6,1669,19)
256: null null
6: Source(./p4-semantics.k) Location(1050,6,1050,45)
383: Source(./p4-semantics.k) Location(988,6,988,49)
83: null null
174: null null
172: Source(./p4-semantics.k) Location(1045,6,1045,43)
341: null null
106: Source(./p4-semantics.k) Location(1733,6,1733,42)
47: null null
181: Source(./p4-semantics.k) Location(1647,6,1647,45)
464: Source(./p4-semantics.k) Location(1646,6,1646,45)
71: Source(./p4-semantics.k) Location(1039,6,1040,189)
70: Source(./p4-semantics.k) Location(1074,6,1075,39)
192: null null
70: Source(./p4-semantics.k) Location(1074,6,1075,39)
479: Source(./p4-semantics.k) Location(1046,6,1047,60)
114: Source(./p4-semantics.k) Location(1084,6,1087,32)
288: null null
482: Source(./p4-semantics.k) Location(1466,6,1466,82)
40: null null
92: Source(./p4-semantics.k) Location(1166,6,1170,16)
88: Source(./p4-semantics.k) Location(1062,6,1062,121)
440: Source(./p4-semantics.k) Location(1181,6,1182,67)
413: Source(./p4-semantics.k) Location(1665,6,1665,63)
127: Source(./p4-semantics.k) Location(1175,6,1176,70)
321: null null
127: Source(./p4-semantics.k) Location(1175,6,1176,70)
190: Source(./p4-semantics.k) Location(1689,6,1690,78)
226: Source(./p4-semantics.k) Location(1174,6,1174,41)
434: null null
52: Source(./p4-semantics.k) Location(1187,6,1187,61)
148: Source(./p4-semantics.k) Location(1666,6,1669,19)
363: Source(./p4-semantics.k) Location(1191,6,1191,78)
256: null null
196: null null
6: Source(./p4-semantics.k) Location(1050,6,1050,45)
508: Source(./p4-semantics.k) Location(1143,6,1143,95)
383: Source(./p4-semantics.k) Location(988,6,988,49)
447: Source(./p4-semantics.k) Location(1153,6,1154,69)
83: null null
208: Source(./p4-semantics.k) Location(1142,6,1142,45)
174: null null
138: null null
172: Source(./p4-semantics.k) Location(1045,6,1045,43)
118: Source(./p4-semantics.k) Location(1339,6,1341,42)
341: null null
493: Source(./p4-semantics.k) Location(722,6,722,90)
106: Source(./p4-semantics.k) Location(1733,6,1733,42)
318: null null
47: null null
190: Source(./p4-semantics.k) Location(1689,6,1690,78)
464: Source(./p4-semantics.k) Location(1646,6,1646,45)
424: null null
70: Source(./p4-semantics.k) Location(1074,6,1075,39)
215: Source(./p4-semantics.k) Location(723,6,731,21)
70: Source(./p4-semantics.k) Location(1074,6,1075,39)
124: null null
114: Source(./p4-semantics.k) Location(1084,6,1087,32)
187: Source(./p4-semantics.k) Location(754,6,755,70)
482: Source(./p4-semantics.k) Location(1466,6,1466,82)
173: Source(./p4-semantics.k) Location(763,6,764,22)
92: Source(./p4-semantics.k) Location(1166,6,1170,16)
207: null null
440: Source(./p4-semantics.k) Location(1181,6,1182,67)
237: Source(./p4-semantics.k) Location(734,6,738,21)
127: Source(./p4-semantics.k) Location(1175,6,1176,70)
52: Source(./p4-semantics.k) Location(1187,6,1187,61)
127: Source(./p4-semantics.k) Location(1175,6,1176,70)
363: Source(./p4-semantics.k) Location(1191,6,1191,78)
226: Source(./p4-semantics.k) Location(1174,6,1174,41)
196: null null
52: Source(./p4-semantics.k) Location(1187,6,1187,61)
466: Source(./p4-semantics.k) Location(1158,6,1159,78)
363: Source(./p4-semantics.k) Location(1191,6,1191,78)
20: Source(./p4-semantics.k) Location(1144,6,1144,88)
196: null null
119: Source(./p4-semantics.k) Location(1753,6,1753,55)
508: Source(./p4-semantics.k) Location(1143,6,1143,95)
130: Source(./p4-semantics.k) Location(1145,6,1145,86)
447: Source(./p4-semantics.k) Location(1153,6,1154,69)
447: Source(./p4-semantics.k) Location(1153,6,1154,69)
208: Source(./p4-semantics.k) Location(1142,6,1142,45)
208: Source(./p4-semantics.k) Location(1142,6,1142,45)
138: null null
138: null null
118: Source(./p4-semantics.k) Location(1339,6,1341,42)
281: Source(./p4-semantics.k) Location(1438,6,1439,106)
493: Source(./p4-semantics.k) Location(722,6,722,90)
336: Source(./p4-semantics.k) Location(1443,6,1450,110)
318: null null
340: Source(./p4-semantics.k) Location(1440,6,1440,81)
190: Source(./p4-semantics.k) Location(1689,6,1690,78)
57: Source(./p4-semantics.k) Location(1117,6,1118,126)
424: null null
155: null null
215: Source(./p4-semantics.k) Location(723,6,731,21)
361: Source(./p4-semantics.k) Location(760,6,760,123)
124: null null
173: Source(./p4-semantics.k) Location(763,6,764,22)
187: Source(./p4-semantics.k) Location(754,6,755,70)
502: null null
173: Source(./p4-semantics.k) Location(763,6,764,22)
301: Source(./p4-semantics.k) Location(1121,6,1122,109)
207: null null
299: Source(./p4-semantics.k) Location(1188,6,1188,61)
237: Source(./p4-semantics.k) Location(734,6,738,21)
84: Source(./p4-semantics.k) Location(1183,6,1184,66)
52: Source(./p4-semantics.k) Location(1187,6,1187,61)
70: Source(./p4-semantics.k) Location(1074,6,1075,39)
363: Source(./p4-semantics.k) Location(1191,6,1191,78)
70: Source(./p4-semantics.k) Location(1074,6,1075,39)
196: null null
70: Source(./p4-semantics.k) Location(1074,6,1075,39)
466: Source(./p4-semantics.k) Location(1158,6,1159,78)
41: Source(./p4-semantics.k) Location(932,6,932,46)
20: Source(./p4-semantics.k) Location(1144,6,1144,88)
356: Source(./p4-semantics.k) Location(912,6,912,61)
119: Source(./p4-semantics.k) Location(1753,6,1753,55)
228: Source(./p4-semantics.k) Location(1488,6,1503,24)
130: Source(./p4-semantics.k) Location(1145,6,1145,86)
192: null null
447: Source(./p4-semantics.k) Location(1153,6,1154,69)
284: Source(./p4-semantics.k) Location(1506,6,1507,147)
208: Source(./p4-semantics.k) Location(1142,6,1142,45)
47: null null
138: null null
181: Source(./p4-semantics.k) Location(1647,6,1647,45)
281: Source(./p4-semantics.k) Location(1438,6,1439,106)
181: Source(./p4-semantics.k) Location(1647,6,1647,45)
336: Source(./p4-semantics.k) Location(1443,6,1450,110)
294: Source(./p4-semantics.k) Location(1540,6,1540,40)
340: Source(./p4-semantics.k) Location(1440,6,1440,81)
242: Source(./p4-semantics.k) Location(1510,6,1514,34)
308: Source(./p4-semantics.k) Location(1515,6,1518,35)
57: Source(./p4-semantics.k) Location(1117,6,1118,126)
218: Source(./p4-semantics.k) Location(456,6,466,19)
218: Source(./p4-semantics.k) Location(456,6,466,19)
155: null null
Attempting to prove: 
	_andBool_(_==K_(_1558:PacketList@CONFIGURATION,, $consPacketList(_,_)($packet(_,_)(_8515:List@LIST,, _1645:Int@INT-SYNTAX),, _1649:PacketList@CONFIGURATION)),, _andBool_(_==K_(_1559:Int@INT-SYNTAX,, Int@INT-SYNTAX(#"0")),, _andBool_(_==K_(_<Int_(Int@INT-SYNTAX(#"0"),, sizeList(_8515:List@LIST)),, Bool@BOOL-SYNTAX(#"true")),, _andBool_(_==K_(#onPort(_,_)(_1560:PacketList@CONFIGURATION,, Int@INT-SYNTAX(#"0")),, #onPort(_,_)(_1560:PacketList@CONFIGURATION,, Int@INT-SYNTAX(#"1"))),, _==K_(_+Int_(#onPort(_,_)(_1560:PacketList@CONFIGURATION,, Int@INT-SYNTAX(#"0")),, #onPort(_,_)(_1560:PacketList@CONFIGURATION,, Int@INT-SYNTAX(#"1"))),, #packetListSize(_)(_1560:PacketList@CONFIGURATION))))))
  implies 
	_andBool_(_==K_(_+Int_(Int@INT-SYNTAX(#"1"),, #onPort(_,_)(_1560:PacketList@CONFIGURATION,, Int@INT-SYNTAX(#"0"))),, _+Int_(#onPort(_,_)(_1560:PacketList@CONFIGURATION,, Int@INT-SYNTAX(#"1")),, Int@INT-SYNTAX(#"1"))),, _==K_(_+Int_(_+Int_(Int@INT-SYNTAX(#"1"),, #onPort(_,_)(_1560:PacketList@CONFIGURATION,, Int@INT-SYNTAX(#"0"))),, #onPort(_,_)(_1560:PacketList@CONFIGURATION,, Int@INT-SYNTAX(#"1"))),, _+Int_(Int@INT-SYNTAX(#"1"),, #packetListSize(_)(_1560:PacketList@CONFIGURATION))))
Proved!
Attempting to prove: 
	_andBool_(_==K_(_1558:PacketList@CONFIGURATION,, $consPacketList(_,_)($packet(_,_)(_8546:List@LIST,, _1645:Int@INT-SYNTAX),, _1649:PacketList@CONFIGURATION)),, _andBool_(_==K_(_1559:Int@INT-SYNTAX,, Int@INT-SYNTAX(#"0")),, _andBool_(_==K_(_>=Int_(Int@INT-SYNTAX(#"0"),, sizeList(_8546:List@LIST)),, Bool@BOOL-SYNTAX(#"true")),, _andBool_(_==K_(#onPort(_,_)(_1560:PacketList@CONFIGURATION,, Int@INT-SYNTAX(#"0")),, #onPort(_,_)(_1560:PacketList@CONFIGURATION,, Int@INT-SYNTAX(#"1"))),, _==K_(_+Int_(#onPort(_,_)(_1560:PacketList@CONFIGURATION,, Int@INT-SYNTAX(#"0")),, #onPort(_,_)(_1560:PacketList@CONFIGURATION,, Int@INT-SYNTAX(#"1"))),, #packetListSize(_)(_1560:PacketList@CONFIGURATION))))))
  implies 
	_andBool_(_==K_(_+Int_(Int@INT-SYNTAX(#"1"),, #onPort(_,_)(_1560:PacketList@CONFIGURATION,, Int@INT-SYNTAX(#"0"))),, _+Int_(#onPort(_,_)(_1560:PacketList@CONFIGURATION,, Int@INT-SYNTAX(#"1")),, Int@INT-SYNTAX(#"1"))),, _==K_(_+Int_(_+Int_(Int@INT-SYNTAX(#"1"),, #onPort(_,_)(_1560:PacketList@CONFIGURATION,, Int@INT-SYNTAX(#"0"))),, #onPort(_,_)(_1560:PacketList@CONFIGURATION,, Int@INT-SYNTAX(#"1"))),, _+Int_(Int@INT-SYNTAX(#"1"),, #packetListSize(_)(_1560:PacketList@CONFIGURATION))))
Proved!
361: Source(./p4-semantics.k) Location(760,6,760,123)
Attempting to prove: 
	_andBool_(_==K_(_1558:PacketList@CONFIGURATION,, $consPacketList(_,_)($packet(_,_)(_8515:List@LIST,, _1645:Int@INT-SYNTAX),, _1649:PacketList@CONFIGURATION)),, _andBool_(_==K_(_1559:Int@INT-SYNTAX,, Int@INT-SYNTAX(#"0")),, _andBool_(_==K_(_<Int_(Int@INT-SYNTAX(#"0"),, sizeList(_8515:List@LIST)),, Bool@BOOL-SYNTAX(#"true")),, _andBool_(_==K_(#onPort(_,_)(_1560:PacketList@CONFIGURATION,, Int@INT-SYNTAX(#"0")),, #onPort(_,_)(_1560:PacketList@CONFIGURATION,, Int@INT-SYNTAX(#"1"))),, _andBool_(_==K_(_+Int_(#onPort(_,_)(_1560:PacketList@CONFIGURATION,, Int@INT-SYNTAX(#"0")),, #onPort(_,_)(_1560:PacketList@CONFIGURATION,, Int@INT-SYNTAX(#"1"))),, #packetListSize(_)(_1560:PacketList@CONFIGURATION)),, _andBool_(_==K_(_+Int_(Int@INT-SYNTAX(#"1"),, #onPort(_,_)(_1560:PacketList@CONFIGURATION,, Int@INT-SYNTAX(#"0"))),, _+Int_(#onPort(_,_)(_1560:PacketList@CONFIGURATION,, Int@INT-SYNTAX(#"1")),, Int@INT-SYNTAX(#"1"))),, _andBool_(_==K_(_+Int_(_+Int_(Int@INT-SYNTAX(#"1"),, #onPort(_,_)(_1560:PacketList@CONFIGURATION,, Int@INT-SYNTAX(#"0"))),, #onPort(_,_)(_1560:PacketList@CONFIGURATION,, Int@INT-SYNTAX(#"1"))),, _+Int_(Int@INT-SYNTAX(#"1"),, #packetListSize(_)(_1560:PacketList@CONFIGURATION))),, _andBool_(_==K_(_<=Int_(absInt(_-Int_(#onPort(_,_)(_8689:PacketList@CONFIGURATION,, Int@INT-SYNTAX(#"0")),, #onPort(_,_)(_8689:PacketList@CONFIGURATION,, Int@INT-SYNTAX(#"1")))),, Int@INT-SYNTAX(#"1")),, Bool@BOOL-SYNTAX(#"true")),, _andBool_(_==K_(_+Int_(#onPort(_,_)(_8689:PacketList@CONFIGURATION,, Int@INT-SYNTAX(#"0")),, #onPort(_,_)(_8689:PacketList@CONFIGURATION,, Int@INT-SYNTAX(#"1"))),, #packetListSize(_)(_8689:PacketList@CONFIGURATION)),, _==K_(_+Int_(#packetListSize(_)(_1649:PacketList@CONFIGURATION),, _+Int_(Int@INT-SYNTAX(#"1"),, #packetListSize(_)(_1560:PacketList@CONFIGURATION))),, #packetListSize(_)(_8689:PacketList@CONFIGURATION)))))))))))
  implies 
	_andBool_(_==K_(_<=Int_(absInt(_-Int_(#onPort(_,_)(_8689:PacketList@CONFIGURATION,, Int@INT-SYNTAX(#"0")),, #onPort(_,_)(_8689:PacketList@CONFIGURATION,, Int@INT-SYNTAX(#"1")))),, Int@INT-SYNTAX(#"1")),, Bool@BOOL-SYNTAX(#"true")),, _andBool_(_==K_(_+Int_(#onPort(_,_)(_8689:PacketList@CONFIGURATION,, Int@INT-SYNTAX(#"0")),, #onPort(_,_)(_8689:PacketList@CONFIGURATION,, Int@INT-SYNTAX(#"1"))),, #packetListSize(_)(_8689:PacketList@CONFIGURATION)),, _==K_(_+Int_(_+Int_(Int@INT-SYNTAX(#"1"),, #packetListSize(_)(_1649:PacketList@CONFIGURATION)),, #packetListSize(_)(_1560:PacketList@CONFIGURATION)),, #packetListSize(_)(_8689:PacketList@CONFIGURATION))))
Proved!
Attempting to prove: 
	_andBool_(_==K_(_1558:PacketList@CONFIGURATION,, $consPacketList(_,_)($packet(_,_)(_8546:List@LIST,, _1645:Int@INT-SYNTAX),, _1649:PacketList@CONFIGURATION)),, _andBool_(_==K_(_1559:Int@INT-SYNTAX,, Int@INT-SYNTAX(#"0")),, _andBool_(_==K_(_>=Int_(Int@INT-SYNTAX(#"0"),, sizeList(_8546:List@LIST)),, Bool@BOOL-SYNTAX(#"true")),, _andBool_(_==K_(#onPort(_,_)(_1560:PacketList@CONFIGURATION,, Int@INT-SYNTAX(#"0")),, #onPort(_,_)(_1560:PacketList@CONFIGURATION,, Int@INT-SYNTAX(#"1"))),, _andBool_(_==K_(_+Int_(#onPort(_,_)(_1560:PacketList@CONFIGURATION,, Int@INT-SYNTAX(#"0")),, #onPort(_,_)(_1560:PacketList@CONFIGURATION,, Int@INT-SYNTAX(#"1"))),, #packetListSize(_)(_1560:PacketList@CONFIGURATION)),, _andBool_(_==K_(_+Int_(Int@INT-SYNTAX(#"1"),, #onPort(_,_)(_1560:PacketList@CONFIGURATION,, Int@INT-SYNTAX(#"0"))),, _+Int_(#onPort(_,_)(_1560:PacketList@CONFIGURATION,, Int@INT-SYNTAX(#"1")),, Int@INT-SYNTAX(#"1"))),, _andBool_(_==K_(_+Int_(_+Int_(Int@INT-SYNTAX(#"1"),, #onPort(_,_)(_1560:PacketList@CONFIGURATION,, Int@INT-SYNTAX(#"0"))),, #onPort(_,_)(_1560:PacketList@CONFIGURATION,, Int@INT-SYNTAX(#"1"))),, _+Int_(Int@INT-SYNTAX(#"1"),, #packetListSize(_)(_1560:PacketList@CONFIGURATION))),, _andBool_(_==K_(_<=Int_(absInt(_-Int_(#onPort(_,_)(_8719:PacketList@CONFIGURATION,, Int@INT-SYNTAX(#"0")),, #onPort(_,_)(_8719:PacketList@CONFIGURATION,, Int@INT-SYNTAX(#"1")))),, Int@INT-SYNTAX(#"1")),, Bool@BOOL-SYNTAX(#"true")),, _andBool_(_==K_(_+Int_(#onPort(_,_)(_8719:PacketList@CONFIGURATION,, Int@INT-SYNTAX(#"0")),, #onPort(_,_)(_8719:PacketList@CONFIGURATION,, Int@INT-SYNTAX(#"1"))),, #packetListSize(_)(_8719:PacketList@CONFIGURATION)),, _==K_(_+Int_(#packetListSize(_)(_1649:PacketList@CONFIGURATION),, _+Int_(Int@INT-SYNTAX(#"1"),, #packetListSize(_)(_1560:PacketList@CONFIGURATION))),, #packetListSize(_)(_8719:PacketList@CONFIGURATION)))))))))))
  implies 
	_andBool_(_==K_(_<=Int_(absInt(_-Int_(#onPort(_,_)(_8719:PacketList@CONFIGURATION,, Int@INT-SYNTAX(#"0")),, #onPort(_,_)(_8719:PacketList@CONFIGURATION,, Int@INT-SYNTAX(#"1")))),, Int@INT-SYNTAX(#"1")),, Bool@BOOL-SYNTAX(#"true")),, _andBool_(_==K_(_+Int_(#onPort(_,_)(_8719:PacketList@CONFIGURATION,, Int@INT-SYNTAX(#"0")),, #onPort(_,_)(_8719:PacketList@CONFIGURATION,, Int@INT-SYNTAX(#"1"))),, #packetListSize(_)(_8719:PacketList@CONFIGURATION)),, _==K_(_+Int_(_+Int_(Int@INT-SYNTAX(#"1"),, #packetListSize(_)(_1649:PacketList@CONFIGURATION)),, #packetListSize(_)(_1560:PacketList@CONFIGURATION)),, #packetListSize(_)(_8719:PacketList@CONFIGURATION))))
Proved!
173: Source(./p4-semantics.k) Location(763,6,764,22)
502: null null
301: Source(./p4-semantics.k) Location(1121,6,1122,109)
299: Source(./p4-semantics.k) Location(1188,6,1188,61)
84: Source(./p4-semantics.k) Location(1183,6,1184,66)
70: Source(./p4-semantics.k) Location(1074,6,1075,39)
70: Source(./p4-semantics.k) Location(1074,6,1075,39)
70: Source(./p4-semantics.k) Location(1074,6,1075,39)
41: Source(./p4-semantics.k) Location(932,6,932,46)
356: Source(./p4-semantics.k) Location(912,6,912,61)
228: Source(./p4-semantics.k) Location(1488,6,1503,24)
192: null null
284: Source(./p4-semantics.k) Location(1506,6,1507,147)
47: null null
181: Source(./p4-semantics.k) Location(1647,6,1647,45)
181: Source(./p4-semantics.k) Location(1647,6,1647,45)
294: Source(./p4-semantics.k) Location(1540,6,1540,40)
242: Source(./p4-semantics.k) Location(1510,6,1514,34)
308: Source(./p4-semantics.k) Location(1515,6,1518,35)
218: Source(./p4-semantics.k) Location(456,6,466,19)
218: Source(./p4-semantics.k) Location(456,6,466,19)
212: Source(./p4-semantics.k) Location(442,6,451,31)
290: Source(./p4-semantics.k) Location(1783,6,1784,31)
212: Source(./p4-semantics.k) Location(442,6,451,31)
290: Source(./p4-semantics.k) Location(1783,6,1784,31)
400: Source(./p4-semantics.k) Location(475,6,486,13)
Attempting to prove: 
	_andBool_(_==K_(_1558:PacketList@CONFIGURATION,, $consPacketList(_,_)($packet(_,_)(_9317:List@LIST,, _1645:Int@INT-SYNTAX),, $nilPacketList(.KList@BASIC-K))),, _andBool_(_==K_(_1559:Int@INT-SYNTAX,, Int@INT-SYNTAX(#"1")),, _andBool_(_==K_(_<Int_(Int@INT-SYNTAX(#"0"),, sizeList(_9317:List@LIST)),, Bool@BOOL-SYNTAX(#"true")),, _andBool_(_==K_(#onPort(_,_)(_1560:PacketList@CONFIGURATION,, Int@INT-SYNTAX(#"0")),, _+Int_(#onPort(_,_)(_1560:PacketList@CONFIGURATION,, Int@INT-SYNTAX(#"1")),, Int@INT-SYNTAX(#"1"))),, _==K_(_+Int_(#onPort(_,_)(_1560:PacketList@CONFIGURATION,, Int@INT-SYNTAX(#"0")),, #onPort(_,_)(_1560:PacketList@CONFIGURATION,, Int@INT-SYNTAX(#"1"))),, #packetListSize(_)(_1560:PacketList@CONFIGURATION))))))
  implies 
	_andBool_(_==K_(_<=Int_(absInt(_-Int_(#onPort(_,_)(_1560:PacketList@CONFIGURATION,, Int@INT-SYNTAX(#"0")),, _+Int_(Int@INT-SYNTAX(#"1"),, #onPort(_,_)(_1560:PacketList@CONFIGURATION,, Int@INT-SYNTAX(#"1"))))),, Int@INT-SYNTAX(#"1")),, Bool@BOOL-SYNTAX(#"true")),, _==K_(_+Int_(#onPort(_,_)(_1560:PacketList@CONFIGURATION,, Int@INT-SYNTAX(#"0")),, _+Int_(Int@INT-SYNTAX(#"1"),, #onPort(_,_)(_1560:PacketList@CONFIGURATION,, Int@INT-SYNTAX(#"1")))),, _+Int_(Int@INT-SYNTAX(#"1"),, #packetListSize(_)(_1560:PacketList@CONFIGURATION))))
Proved!
400: Source(./p4-semantics.k) Location(475,6,486,13)
Attempting to prove: 
	_andBool_(_==K_(_1558:PacketList@CONFIGURATION,, $consPacketList(_,_)($packet(_,_)(_9348:List@LIST,, _1645:Int@INT-SYNTAX),, $nilPacketList(.KList@BASIC-K))),, _andBool_(_==K_(_1559:Int@INT-SYNTAX,, Int@INT-SYNTAX(#"1")),, _andBool_(_==K_(_>=Int_(Int@INT-SYNTAX(#"0"),, sizeList(_9348:List@LIST)),, Bool@BOOL-SYNTAX(#"true")),, _andBool_(_==K_(#onPort(_,_)(_1560:PacketList@CONFIGURATION,, Int@INT-SYNTAX(#"0")),, _+Int_(#onPort(_,_)(_1560:PacketList@CONFIGURATION,, Int@INT-SYNTAX(#"1")),, Int@INT-SYNTAX(#"1"))),, _==K_(_+Int_(#onPort(_,_)(_1560:PacketList@CONFIGURATION,, Int@INT-SYNTAX(#"0")),, #onPort(_,_)(_1560:PacketList@CONFIGURATION,, Int@INT-SYNTAX(#"1"))),, #packetListSize(_)(_1560:PacketList@CONFIGURATION))))))
  implies 
	_andBool_(_==K_(_<=Int_(absInt(_-Int_(#onPort(_,_)(_1560:PacketList@CONFIGURATION,, Int@INT-SYNTAX(#"0")),, _+Int_(Int@INT-SYNTAX(#"1"),, #onPort(_,_)(_1560:PacketList@CONFIGURATION,, Int@INT-SYNTAX(#"1"))))),, Int@INT-SYNTAX(#"1")),, Bool@BOOL-SYNTAX(#"true")),, _==K_(_+Int_(#onPort(_,_)(_1560:PacketList@CONFIGURATION,, Int@INT-SYNTAX(#"0")),, _+Int_(Int@INT-SYNTAX(#"1"),, #onPort(_,_)(_1560:PacketList@CONFIGURATION,, Int@INT-SYNTAX(#"1")))),, _+Int_(Int@INT-SYNTAX(#"1"),, #packetListSize(_)(_1560:PacketList@CONFIGURATION))))
Proved!
237: Source(./p4-semantics.k) Location(734,6,738,21)
237: Source(./p4-semantics.k) Location(734,6,738,21)
349: Source(./p4-semantics.k) Location(502,6,504,65)
349: Source(./p4-semantics.k) Location(502,6,504,65)
367: Source(./p4-semantics.k) Location(518,6,520,34)
367: Source(./p4-semantics.k) Location(518,6,520,34)
128: Source(./p4-semantics.k) Location(511,6,511,73)
128: Source(./p4-semantics.k) Location(511,6,511,73)
351: Source(./p4-semantics.k) Location(514,6,514,34)
351: Source(./p4-semantics.k) Location(514,6,514,34)
436: Source(./p4-semantics.k) Location(523,6,524,87)
436: Source(./p4-semantics.k) Location(523,6,524,87)
169: Source(./p4-semantics.k) Location(831,6,832,42)
169: Source(./p4-semantics.k) Location(831,6,832,42)
347: Source(./p4-semantics.k) Location(834,6,834,34)
347: Source(./p4-semantics.k) Location(834,6,834,34)
69: Source(./p4-semantics.k) Location(973,6,977,21)
69: Source(./p4-semantics.k) Location(973,6,977,21)
157: Source(./p4-semantics.k) Location(913,6,913,61)
157: Source(./p4-semantics.k) Location(913,6,913,61)
203: Source(./p4-semantics.k) Location(922,6,926,15)
203: Source(./p4-semantics.k) Location(922,6,926,15)
70: Source(./p4-semantics.k) Location(1074,6,1075,39)
70: Source(./p4-semantics.k) Location(1074,6,1075,39)
71: Source(./p4-semantics.k) Location(1039,6,1040,189)
71: Source(./p4-semantics.k) Location(1039,6,1040,189)
192: null null
192: null null
479: Source(./p4-semantics.k) Location(1046,6,1047,60)
479: Source(./p4-semantics.k) Location(1046,6,1047,60)
288: null null
288: null null
40: null null
40: null null
142: Source(./p4-semantics.k) Location(1066,6,1066,66)
142: Source(./p4-semantics.k) Location(1066,6,1066,66)
490: null null
490: null null
339: Source(./p4-semantics.k) Location(1706,6,1706,48)
339: Source(./p4-semantics.k) Location(1706,6,1706,48)
17: null null
17: null null
190: Source(./p4-semantics.k) Location(1689,6,1690,78)
190: Source(./p4-semantics.k) Location(1689,6,1690,78)
263: null null
263: null null
324: Source(./p4-semantics.k) Location(1707,6,1710,19)
324: Source(./p4-semantics.k) Location(1707,6,1710,19)
362: null null
362: null null
486: Source(./p4-semantics.k) Location(1070,6,1070,41)
486: Source(./p4-semantics.k) Location(1070,6,1070,41)
256: null null
256: null null
6: Source(./p4-semantics.k) Location(1050,6,1050,45)
6: Source(./p4-semantics.k) Location(1050,6,1050,45)
383: Source(./p4-semantics.k) Location(988,6,988,49)
383: Source(./p4-semantics.k) Location(988,6,988,49)
83: null null
83: null null
174: null null
174: null null
172: Source(./p4-semantics.k) Location(1045,6,1045,43)
172: Source(./p4-semantics.k) Location(1045,6,1045,43)
341: null null
341: null null
106: Source(./p4-semantics.k) Location(1733,6,1733,42)
106: Source(./p4-semantics.k) Location(1733,6,1733,42)
47: null null
47: null null
464: Source(./p4-semantics.k) Location(1646,6,1646,45)
464: Source(./p4-semantics.k) Location(1646,6,1646,45)
70: Source(./p4-semantics.k) Location(1074,6,1075,39)
70: Source(./p4-semantics.k) Location(1074,6,1075,39)
70: Source(./p4-semantics.k) Location(1074,6,1075,39)
70: Source(./p4-semantics.k) Location(1074,6,1075,39)
114: Source(./p4-semantics.k) Location(1084,6,1087,32)
114: Source(./p4-semantics.k) Location(1084,6,1087,32)
482: Source(./p4-semantics.k) Location(1466,6,1466,82)
482: Source(./p4-semantics.k) Location(1466,6,1466,82)
92: Source(./p4-semantics.k) Location(1166,6,1170,16)
92: Source(./p4-semantics.k) Location(1166,6,1170,16)
440: Source(./p4-semantics.k) Location(1181,6,1182,67)
440: Source(./p4-semantics.k) Location(1181,6,1182,67)
226: Source(./p4-semantics.k) Location(1174,6,1174,41)
226: Source(./p4-semantics.k) Location(1174,6,1174,41)
52: Source(./p4-semantics.k) Location(1187,6,1187,61)
52: Source(./p4-semantics.k) Location(1187,6,1187,61)
363: Source(./p4-semantics.k) Location(1191,6,1191,78)
363: Source(./p4-semantics.k) Location(1191,6,1191,78)
196: null null
196: null null
508: Source(./p4-semantics.k) Location(1143,6,1143,95)
508: Source(./p4-semantics.k) Location(1143,6,1143,95)
466: Source(./p4-semantics.k) Location(1158,6,1159,78)
466: Source(./p4-semantics.k) Location(1158,6,1159,78)
20: Source(./p4-semantics.k) Location(1144,6,1144,88)
20: Source(./p4-semantics.k) Location(1144,6,1144,88)
119: Source(./p4-semantics.k) Location(1753,6,1753,55)
119: Source(./p4-semantics.k) Location(1753,6,1753,55)
130: Source(./p4-semantics.k) Location(1145,6,1145,86)
130: Source(./p4-semantics.k) Location(1145,6,1145,86)
208: Source(./p4-semantics.k) Location(1142,6,1142,45)
208: Source(./p4-semantics.k) Location(1142,6,1142,45)
138: null null
138: null null
354: Source(./p4-semantics.k) Location(1431,6,1432,106)
354: Source(./p4-semantics.k) Location(1431,6,1432,106)
336: Source(./p4-semantics.k) Location(1443,6,1450,110)
336: Source(./p4-semantics.k) Location(1443,6,1450,110)
54: Source(./p4-semantics.k) Location(1433,6,1433,105)
54: Source(./p4-semantics.k) Location(1433,6,1433,105)
379: null null
379: null null
503: Source(./p4-semantics.k) Location(1125,6,1126,113)
503: Source(./p4-semantics.k) Location(1125,6,1126,113)
311: null null
311: null null
493: Source(./p4-semantics.k) Location(722,6,722,90)
493: Source(./p4-semantics.k) Location(722,6,722,90)
318: null null
318: null null
190: Source(./p4-semantics.k) Location(1689,6,1690,78)
190: Source(./p4-semantics.k) Location(1689,6,1690,78)
424: null null
424: null null
215: Source(./p4-semantics.k) Location(723,6,731,21)
215: Source(./p4-semantics.k) Location(723,6,731,21)
124: null null
124: null null
187: Source(./p4-semantics.k) Location(754,6,755,70)
187: Source(./p4-semantics.k) Location(754,6,755,70)
173: Source(./p4-semantics.k) Location(763,6,764,22)
173: Source(./p4-semantics.k) Location(763,6,764,22)
207: null null
207: null null
237: Source(./p4-semantics.k) Location(734,6,738,21)
237: Source(./p4-semantics.k) Location(734,6,738,21)
299: Source(./p4-semantics.k) Location(1188,6,1188,61)
299: Source(./p4-semantics.k) Location(1188,6,1188,61)
84: Source(./p4-semantics.k) Location(1183,6,1184,66)
84: Source(./p4-semantics.k) Location(1183,6,1184,66)
70: Source(./p4-semantics.k) Location(1074,6,1075,39)
70: Source(./p4-semantics.k) Location(1074,6,1075,39)
70: Source(./p4-semantics.k) Location(1074,6,1075,39)
70: Source(./p4-semantics.k) Location(1074,6,1075,39)
70: Source(./p4-semantics.k) Location(1074,6,1075,39)
70: Source(./p4-semantics.k) Location(1074,6,1075,39)
41: Source(./p4-semantics.k) Location(932,6,932,46)
41: Source(./p4-semantics.k) Location(932,6,932,46)
157: Source(./p4-semantics.k) Location(913,6,913,61)
157: Source(./p4-semantics.k) Location(913,6,913,61)
203: Source(./p4-semantics.k) Location(922,6,926,15)
203: Source(./p4-semantics.k) Location(922,6,926,15)
70: Source(./p4-semantics.k) Location(1074,6,1075,39)
70: Source(./p4-semantics.k) Location(1074,6,1075,39)
71: Source(./p4-semantics.k) Location(1039,6,1040,189)
71: Source(./p4-semantics.k) Location(1039,6,1040,189)
192: null null
192: null null
479: Source(./p4-semantics.k) Location(1046,6,1047,60)
479: Source(./p4-semantics.k) Location(1046,6,1047,60)
288: null null
288: null null
40: null null
40: null null
88: Source(./p4-semantics.k) Location(1062,6,1062,121)
88: Source(./p4-semantics.k) Location(1062,6,1062,121)
413: Source(./p4-semantics.k) Location(1665,6,1665,63)
413: Source(./p4-semantics.k) Location(1665,6,1665,63)
321: null null
321: null null
190: Source(./p4-semantics.k) Location(1689,6,1690,78)
190: Source(./p4-semantics.k) Location(1689,6,1690,78)
434: null null
434: null null
148: Source(./p4-semantics.k) Location(1666,6,1669,19)
148: Source(./p4-semantics.k) Location(1666,6,1669,19)
256: null null
256: null null
6: Source(./p4-semantics.k) Location(1050,6,1050,45)
6: Source(./p4-semantics.k) Location(1050,6,1050,45)
383: Source(./p4-semantics.k) Location(988,6,988,49)
383: Source(./p4-semantics.k) Location(988,6,988,49)
83: null null
83: null null
174: null null
174: null null
172: Source(./p4-semantics.k) Location(1045,6,1045,43)
172: Source(./p4-semantics.k) Location(1045,6,1045,43)
341: null null
341: null null
106: Source(./p4-semantics.k) Location(1733,6,1733,42)
106: Source(./p4-semantics.k) Location(1733,6,1733,42)
47: null null
47: null null
464: Source(./p4-semantics.k) Location(1646,6,1646,45)
464: Source(./p4-semantics.k) Location(1646,6,1646,45)
70: Source(./p4-semantics.k) Location(1074,6,1075,39)
70: Source(./p4-semantics.k) Location(1074,6,1075,39)
70: Source(./p4-semantics.k) Location(1074,6,1075,39)
70: Source(./p4-semantics.k) Location(1074,6,1075,39)
114: Source(./p4-semantics.k) Location(1084,6,1087,32)
114: Source(./p4-semantics.k) Location(1084,6,1087,32)
482: Source(./p4-semantics.k) Location(1466,6,1466,82)
482: Source(./p4-semantics.k) Location(1466,6,1466,82)
92: Source(./p4-semantics.k) Location(1166,6,1170,16)
92: Source(./p4-semantics.k) Location(1166,6,1170,16)
440: Source(./p4-semantics.k) Location(1181,6,1182,67)
440: Source(./p4-semantics.k) Location(1181,6,1182,67)
127: Source(./p4-semantics.k) Location(1175,6,1176,70)
127: Source(./p4-semantics.k) Location(1175,6,1176,70)
127: Source(./p4-semantics.k) Location(1175,6,1176,70)
127: Source(./p4-semantics.k) Location(1175,6,1176,70)
226: Source(./p4-semantics.k) Location(1174,6,1174,41)
226: Source(./p4-semantics.k) Location(1174,6,1174,41)
52: Source(./p4-semantics.k) Location(1187,6,1187,61)
52: Source(./p4-semantics.k) Location(1187,6,1187,61)
363: Source(./p4-semantics.k) Location(1191,6,1191,78)
363: Source(./p4-semantics.k) Location(1191,6,1191,78)
196: null null
196: null null
508: Source(./p4-semantics.k) Location(1143,6,1143,95)
508: Source(./p4-semantics.k) Location(1143,6,1143,95)
447: Source(./p4-semantics.k) Location(1153,6,1154,69)
447: Source(./p4-semantics.k) Location(1153,6,1154,69)
208: Source(./p4-semantics.k) Location(1142,6,1142,45)
208: Source(./p4-semantics.k) Location(1142,6,1142,45)
138: null null
138: null null
118: Source(./p4-semantics.k) Location(1339,6,1341,42)
118: Source(./p4-semantics.k) Location(1339,6,1341,42)
493: Source(./p4-semantics.k) Location(722,6,722,90)
493: Source(./p4-semantics.k) Location(722,6,722,90)
318: null null
318: null null
190: Source(./p4-semantics.k) Location(1689,6,1690,78)
190: Source(./p4-semantics.k) Location(1689,6,1690,78)
424: null null
424: null null
215: Source(./p4-semantics.k) Location(723,6,731,21)
215: Source(./p4-semantics.k) Location(723,6,731,21)
124: null null
124: null null
187: Source(./p4-semantics.k) Location(754,6,755,70)
187: Source(./p4-semantics.k) Location(754,6,755,70)
173: Source(./p4-semantics.k) Location(763,6,764,22)
173: Source(./p4-semantics.k) Location(763,6,764,22)
207: null null
207: null null
237: Source(./p4-semantics.k) Location(734,6,738,21)
237: Source(./p4-semantics.k) Location(734,6,738,21)
52: Source(./p4-semantics.k) Location(1187,6,1187,61)
52: Source(./p4-semantics.k) Location(1187,6,1187,61)
363: Source(./p4-semantics.k) Location(1191,6,1191,78)
363: Source(./p4-semantics.k) Location(1191,6,1191,78)
196: null null
196: null null
466: Source(./p4-semantics.k) Location(1158,6,1159,78)
466: Source(./p4-semantics.k) Location(1158,6,1159,78)
20: Source(./p4-semantics.k) Location(1144,6,1144,88)
20: Source(./p4-semantics.k) Location(1144,6,1144,88)
119: Source(./p4-semantics.k) Location(1753,6,1753,55)
119: Source(./p4-semantics.k) Location(1753,6,1753,55)
130: Source(./p4-semantics.k) Location(1145,6,1145,86)
130: Source(./p4-semantics.k) Location(1145,6,1145,86)
447: Source(./p4-semantics.k) Location(1153,6,1154,69)
447: Source(./p4-semantics.k) Location(1153,6,1154,69)
208: Source(./p4-semantics.k) Location(1142,6,1142,45)
208: Source(./p4-semantics.k) Location(1142,6,1142,45)
138: null null
138: null null
281: Source(./p4-semantics.k) Location(1438,6,1439,106)
281: Source(./p4-semantics.k) Location(1438,6,1439,106)
336: Source(./p4-semantics.k) Location(1443,6,1450,110)
336: Source(./p4-semantics.k) Location(1443,6,1450,110)
340: Source(./p4-semantics.k) Location(1440,6,1440,81)
340: Source(./p4-semantics.k) Location(1440,6,1440,81)
57: Source(./p4-semantics.k) Location(1117,6,1118,126)
57: Source(./p4-semantics.k) Location(1117,6,1118,126)
155: null null
155: null null
361: Source(./p4-semantics.k) Location(760,6,760,123)
361: Source(./p4-semantics.k) Location(760,6,760,123)
173: Source(./p4-semantics.k) Location(763,6,764,22)
173: Source(./p4-semantics.k) Location(763,6,764,22)
502: null null
502: null null
301: Source(./p4-semantics.k) Location(1121,6,1122,109)
301: Source(./p4-semantics.k) Location(1121,6,1122,109)
299: Source(./p4-semantics.k) Location(1188,6,1188,61)
299: Source(./p4-semantics.k) Location(1188,6,1188,61)
84: Source(./p4-semantics.k) Location(1183,6,1184,66)
84: Source(./p4-semantics.k) Location(1183,6,1184,66)
70: Source(./p4-semantics.k) Location(1074,6,1075,39)
70: Source(./p4-semantics.k) Location(1074,6,1075,39)
70: Source(./p4-semantics.k) Location(1074,6,1075,39)
70: Source(./p4-semantics.k) Location(1074,6,1075,39)
70: Source(./p4-semantics.k) Location(1074,6,1075,39)
70: Source(./p4-semantics.k) Location(1074,6,1075,39)
41: Source(./p4-semantics.k) Location(932,6,932,46)
41: Source(./p4-semantics.k) Location(932,6,932,46)
356: Source(./p4-semantics.k) Location(912,6,912,61)
356: Source(./p4-semantics.k) Location(912,6,912,61)
228: Source(./p4-semantics.k) Location(1488,6,1503,24)
228: Source(./p4-semantics.k) Location(1488,6,1503,24)
192: null null
192: null null
284: Source(./p4-semantics.k) Location(1506,6,1507,147)
284: Source(./p4-semantics.k) Location(1506,6,1507,147)
47: null null
47: null null
181: Source(./p4-semantics.k) Location(1647,6,1647,45)
181: Source(./p4-semantics.k) Location(1647,6,1647,45)
181: Source(./p4-semantics.k) Location(1647,6,1647,45)
181: Source(./p4-semantics.k) Location(1647,6,1647,45)
294: Source(./p4-semantics.k) Location(1540,6,1540,40)
294: Source(./p4-semantics.k) Location(1540,6,1540,40)
242: Source(./p4-semantics.k) Location(1510,6,1514,34)
308: Source(./p4-semantics.k) Location(1515,6,1518,35)
242: Source(./p4-semantics.k) Location(1510,6,1514,34)
308: Source(./p4-semantics.k) Location(1515,6,1518,35)
218: Source(./p4-semantics.k) Location(456,6,466,19)
218: Source(./p4-semantics.k) Location(456,6,466,19)
218: Source(./p4-semantics.k) Location(456,6,466,19)
218: Source(./p4-semantics.k) Location(456,6,466,19)
Attempting to prove: 
	_andBool_(_==K_(_1558:PacketList@CONFIGURATION,, $consPacketList(_,_)($packet(_,_)(_9317:List@LIST,, _1645:Int@INT-SYNTAX),, $consPacketList(_,_)($packet(_,_)(_19323:List@LIST,, _9423:Int@INT-SYNTAX),, _9427:PacketList@CONFIGURATION))),, _andBool_(_==K_(_1559:Int@INT-SYNTAX,, Int@INT-SYNTAX(#"1")),, _andBool_(_==K_(_<Int_(Int@INT-SYNTAX(#"0"),, sizeList(_19323:List@LIST)),, Bool@BOOL-SYNTAX(#"true")),, _andBool_(_==K_(_<Int_(Int@INT-SYNTAX(#"0"),, sizeList(_9317:List@LIST)),, Bool@BOOL-SYNTAX(#"true")),, _andBool_(_==K_(#onPort(_,_)(_1560:PacketList@CONFIGURATION,, Int@INT-SYNTAX(#"0")),, _+Int_(#onPort(_,_)(_1560:PacketList@CONFIGURATION,, Int@INT-SYNTAX(#"1")),, Int@INT-SYNTAX(#"1"))),, _==K_(_+Int_(#onPort(_,_)(_1560:PacketList@CONFIGURATION,, Int@INT-SYNTAX(#"0")),, #onPort(_,_)(_1560:PacketList@CONFIGURATION,, Int@INT-SYNTAX(#"1"))),, #packetListSize(_)(_1560:PacketList@CONFIGURATION)))))))
  implies 
	_andBool_(_==K_(_+Int_(Int@INT-SYNTAX(#"1"),, #onPort(_,_)(_1560:PacketList@CONFIGURATION,, Int@INT-SYNTAX(#"0"))),, _+Int_(_+Int_(Int@INT-SYNTAX(#"1"),, #onPort(_,_)(_1560:PacketList@CONFIGURATION,, Int@INT-SYNTAX(#"1"))),, Int@INT-SYNTAX(#"1"))),, _==K_(_+Int_(_+Int_(Int@INT-SYNTAX(#"1"),, #onPort(_,_)(_1560:PacketList@CONFIGURATION,, Int@INT-SYNTAX(#"0"))),, _+Int_(Int@INT-SYNTAX(#"1"),, #onPort(_,_)(_1560:PacketList@CONFIGURATION,, Int@INT-SYNTAX(#"1")))),, _+Int_(Int@INT-SYNTAX(#"1"),, _+Int_(Int@INT-SYNTAX(#"1"),, #packetListSize(_)(_1560:PacketList@CONFIGURATION)))))
Proved!
Attempting to prove: 
	_andBool_(_==K_(_1558:PacketList@CONFIGURATION,, $consPacketList(_,_)($packet(_,_)(_9317:List@LIST,, _1645:Int@INT-SYNTAX),, $consPacketList(_,_)($packet(_,_)(_19354:List@LIST,, _9423:Int@INT-SYNTAX),, _9427:PacketList@CONFIGURATION))),, _andBool_(_==K_(_1559:Int@INT-SYNTAX,, Int@INT-SYNTAX(#"1")),, _andBool_(_==K_(_>=Int_(Int@INT-SYNTAX(#"0"),, sizeList(_19354:List@LIST)),, Bool@BOOL-SYNTAX(#"true")),, _andBool_(_==K_(_<Int_(Int@INT-SYNTAX(#"0"),, sizeList(_9317:List@LIST)),, Bool@BOOL-SYNTAX(#"true")),, _andBool_(_==K_(#onPort(_,_)(_1560:PacketList@CONFIGURATION,, Int@INT-SYNTAX(#"0")),, _+Int_(#onPort(_,_)(_1560:PacketList@CONFIGURATION,, Int@INT-SYNTAX(#"1")),, Int@INT-SYNTAX(#"1"))),, _==K_(_+Int_(#onPort(_,_)(_1560:PacketList@CONFIGURATION,, Int@INT-SYNTAX(#"0")),, #onPort(_,_)(_1560:PacketList@CONFIGURATION,, Int@INT-SYNTAX(#"1"))),, #packetListSize(_)(_1560:PacketList@CONFIGURATION)))))))
  implies 
	_andBool_(_==K_(_+Int_(Int@INT-SYNTAX(#"1"),, #onPort(_,_)(_1560:PacketList@CONFIGURATION,, Int@INT-SYNTAX(#"0"))),, _+Int_(_+Int_(Int@INT-SYNTAX(#"1"),, #onPort(_,_)(_1560:PacketList@CONFIGURATION,, Int@INT-SYNTAX(#"1"))),, Int@INT-SYNTAX(#"1"))),, _==K_(_+Int_(_+Int_(Int@INT-SYNTAX(#"1"),, #onPort(_,_)(_1560:PacketList@CONFIGURATION,, Int@INT-SYNTAX(#"0"))),, _+Int_(Int@INT-SYNTAX(#"1"),, #onPort(_,_)(_1560:PacketList@CONFIGURATION,, Int@INT-SYNTAX(#"1")))),, _+Int_(Int@INT-SYNTAX(#"1"),, _+Int_(Int@INT-SYNTAX(#"1"),, #packetListSize(_)(_1560:PacketList@CONFIGURATION)))))
Proved!
Attempting to prove: 
	_andBool_(_==K_(_1558:PacketList@CONFIGURATION,, $consPacketList(_,_)($packet(_,_)(_9348:List@LIST,, _1645:Int@INT-SYNTAX),, $consPacketList(_,_)($packet(_,_)(_19385:List@LIST,, _9479:Int@INT-SYNTAX),, _9483:PacketList@CONFIGURATION))),, _andBool_(_==K_(_1559:Int@INT-SYNTAX,, Int@INT-SYNTAX(#"1")),, _andBool_(_==K_(_<Int_(Int@INT-SYNTAX(#"0"),, sizeList(_19385:List@LIST)),, Bool@BOOL-SYNTAX(#"true")),, _andBool_(_==K_(_>=Int_(Int@INT-SYNTAX(#"0"),, sizeList(_9348:List@LIST)),, Bool@BOOL-SYNTAX(#"true")),, _andBool_(_==K_(#onPort(_,_)(_1560:PacketList@CONFIGURATION,, Int@INT-SYNTAX(#"0")),, _+Int_(#onPort(_,_)(_1560:PacketList@CONFIGURATION,, Int@INT-SYNTAX(#"1")),, Int@INT-SYNTAX(#"1"))),, _==K_(_+Int_(#onPort(_,_)(_1560:PacketList@CONFIGURATION,, Int@INT-SYNTAX(#"0")),, #onPort(_,_)(_1560:PacketList@CONFIGURATION,, Int@INT-SYNTAX(#"1"))),, #packetListSize(_)(_1560:PacketList@CONFIGURATION)))))))
  implies 
	_andBool_(_==K_(_+Int_(Int@INT-SYNTAX(#"1"),, #onPort(_,_)(_1560:PacketList@CONFIGURATION,, Int@INT-SYNTAX(#"0"))),, _+Int_(_+Int_(Int@INT-SYNTAX(#"1"),, #onPort(_,_)(_1560:PacketList@CONFIGURATION,, Int@INT-SYNTAX(#"1"))),, Int@INT-SYNTAX(#"1"))),, _==K_(_+Int_(_+Int_(Int@INT-SYNTAX(#"1"),, #onPort(_,_)(_1560:PacketList@CONFIGURATION,, Int@INT-SYNTAX(#"0"))),, _+Int_(Int@INT-SYNTAX(#"1"),, #onPort(_,_)(_1560:PacketList@CONFIGURATION,, Int@INT-SYNTAX(#"1")))),, _+Int_(Int@INT-SYNTAX(#"1"),, _+Int_(Int@INT-SYNTAX(#"1"),, #packetListSize(_)(_1560:PacketList@CONFIGURATION)))))
Proved!
Attempting to prove: 
	_andBool_(_==K_(_1558:PacketList@CONFIGURATION,, $consPacketList(_,_)($packet(_,_)(_9348:List@LIST,, _1645:Int@INT-SYNTAX),, $consPacketList(_,_)($packet(_,_)(_19416:List@LIST,, _9479:Int@INT-SYNTAX),, _9483:PacketList@CONFIGURATION))),, _andBool_(_==K_(_1559:Int@INT-SYNTAX,, Int@INT-SYNTAX(#"1")),, _andBool_(_==K_(_>=Int_(Int@INT-SYNTAX(#"0"),, sizeList(_19416:List@LIST)),, Bool@BOOL-SYNTAX(#"true")),, _andBool_(_==K_(_>=Int_(Int@INT-SYNTAX(#"0"),, sizeList(_9348:List@LIST)),, Bool@BOOL-SYNTAX(#"true")),, _andBool_(_==K_(#onPort(_,_)(_1560:PacketList@CONFIGURATION,, Int@INT-SYNTAX(#"0")),, _+Int_(#onPort(_,_)(_1560:PacketList@CONFIGURATION,, Int@INT-SYNTAX(#"1")),, Int@INT-SYNTAX(#"1"))),, _==K_(_+Int_(#onPort(_,_)(_1560:PacketList@CONFIGURATION,, Int@INT-SYNTAX(#"0")),, #onPort(_,_)(_1560:PacketList@CONFIGURATION,, Int@INT-SYNTAX(#"1"))),, #packetListSize(_)(_1560:PacketList@CONFIGURATION)))))))
  implies 
	_andBool_(_==K_(_+Int_(Int@INT-SYNTAX(#"1"),, #onPort(_,_)(_1560:PacketList@CONFIGURATION,, Int@INT-SYNTAX(#"0"))),, _+Int_(_+Int_(Int@INT-SYNTAX(#"1"),, #onPort(_,_)(_1560:PacketList@CONFIGURATION,, Int@INT-SYNTAX(#"1"))),, Int@INT-SYNTAX(#"1"))),, _==K_(_+Int_(_+Int_(Int@INT-SYNTAX(#"1"),, #onPort(_,_)(_1560:PacketList@CONFIGURATION,, Int@INT-SYNTAX(#"0"))),, _+Int_(Int@INT-SYNTAX(#"1"),, #onPort(_,_)(_1560:PacketList@CONFIGURATION,, Int@INT-SYNTAX(#"1")))),, _+Int_(Int@INT-SYNTAX(#"1"),, _+Int_(Int@INT-SYNTAX(#"1"),, #packetListSize(_)(_1560:PacketList@CONFIGURATION)))))
Proved!
Attempting to prove: 
	_andBool_(_==K_(_1558:PacketList@CONFIGURATION,, $consPacketList(_,_)($packet(_,_)(_9317:List@LIST,, _1645:Int@INT-SYNTAX),, $consPacketList(_,_)($packet(_,_)(_19323:List@LIST,, _9423:Int@INT-SYNTAX),, _9427:PacketList@CONFIGURATION))),, _andBool_(_==K_(_1559:Int@INT-SYNTAX,, Int@INT-SYNTAX(#"1")),, _andBool_(_==K_(_<Int_(Int@INT-SYNTAX(#"0"),, sizeList(_19323:List@LIST)),, Bool@BOOL-SYNTAX(#"true")),, _andBool_(_==K_(_<Int_(Int@INT-SYNTAX(#"0"),, sizeList(_9317:List@LIST)),, Bool@BOOL-SYNTAX(#"true")),, _andBool_(_==K_(#onPort(_,_)(_1560:PacketList@CONFIGURATION,, Int@INT-SYNTAX(#"0")),, _+Int_(#onPort(_,_)(_1560:PacketList@CONFIGURATION,, Int@INT-SYNTAX(#"1")),, Int@INT-SYNTAX(#"1"))),, _andBool_(_==K_(_+Int_(#onPort(_,_)(_1560:PacketList@CONFIGURATION,, Int@INT-SYNTAX(#"0")),, #onPort(_,_)(_1560:PacketList@CONFIGURATION,, Int@INT-SYNTAX(#"1"))),, #packetListSize(_)(_1560:PacketList@CONFIGURATION)),, _andBool_(_==K_(_+Int_(Int@INT-SYNTAX(#"1"),, #onPort(_,_)(_1560:PacketList@CONFIGURATION,, Int@INT-SYNTAX(#"0"))),, _+Int_(_+Int_(Int@INT-SYNTAX(#"1"),, #onPort(_,_)(_1560:PacketList@CONFIGURATION,, Int@INT-SYNTAX(#"1"))),, Int@INT-SYNTAX(#"1"))),, _andBool_(_==K_(_+Int_(_+Int_(Int@INT-SYNTAX(#"1"),, #onPort(_,_)(_1560:PacketList@CONFIGURATION,, Int@INT-SYNTAX(#"0"))),, _+Int_(Int@INT-SYNTAX(#"1"),, #onPort(_,_)(_1560:PacketList@CONFIGURATION,, Int@INT-SYNTAX(#"1")))),, _+Int_(Int@INT-SYNTAX(#"1"),, _+Int_(Int@INT-SYNTAX(#"1"),, #packetListSize(_)(_1560:PacketList@CONFIGURATION)))),, _andBool_(_==K_(_<=Int_(absInt(_-Int_(#onPort(_,_)(_19568:PacketList@CONFIGURATION,, Int@INT-SYNTAX(#"0")),, #onPort(_,_)(_19568:PacketList@CONFIGURATION,, Int@INT-SYNTAX(#"1")))),, Int@INT-SYNTAX(#"1")),, Bool@BOOL-SYNTAX(#"true")),, _andBool_(_==K_(_+Int_(#onPort(_,_)(_19568:PacketList@CONFIGURATION,, Int@INT-SYNTAX(#"0")),, #onPort(_,_)(_19568:PacketList@CONFIGURATION,, Int@INT-SYNTAX(#"1"))),, #packetListSize(_)(_19568:PacketList@CONFIGURATION)),, _==K_(_+Int_(#packetListSize(_)(_9427:PacketList@CONFIGURATION),, _+Int_(Int@INT-SYNTAX(#"1"),, _+Int_(Int@INT-SYNTAX(#"1"),, #packetListSize(_)(_1560:PacketList@CONFIGURATION)))),, #packetListSize(_)(_19568:PacketList@CONFIGURATION))))))))))))
  implies 
	_andBool_(_==K_(_<=Int_(absInt(_-Int_(#onPort(_,_)(_19568:PacketList@CONFIGURATION,, Int@INT-SYNTAX(#"0")),, #onPort(_,_)(_19568:PacketList@CONFIGURATION,, Int@INT-SYNTAX(#"1")))),, Int@INT-SYNTAX(#"1")),, Bool@BOOL-SYNTAX(#"true")),, _andBool_(_==K_(_+Int_(#onPort(_,_)(_19568:PacketList@CONFIGURATION,, Int@INT-SYNTAX(#"0")),, #onPort(_,_)(_19568:PacketList@CONFIGURATION,, Int@INT-SYNTAX(#"1"))),, #packetListSize(_)(_19568:PacketList@CONFIGURATION)),, _==K_(_+Int_(_+Int_(Int@INT-SYNTAX(#"1"),, _+Int_(Int@INT-SYNTAX(#"1"),, #packetListSize(_)(_9427:PacketList@CONFIGURATION))),, #packetListSize(_)(_1560:PacketList@CONFIGURATION)),, #packetListSize(_)(_19568:PacketList@CONFIGURATION))))
Proved!
Attempting to prove: 
	_andBool_(_==K_(_1558:PacketList@CONFIGURATION,, $consPacketList(_,_)($packet(_,_)(_9317:List@LIST,, _1645:Int@INT-SYNTAX),, $consPacketList(_,_)($packet(_,_)(_19354:List@LIST,, _9423:Int@INT-SYNTAX),, _9427:PacketList@CONFIGURATION))),, _andBool_(_==K_(_1559:Int@INT-SYNTAX,, Int@INT-SYNTAX(#"1")),, _andBool_(_==K_(_>=Int_(Int@INT-SYNTAX(#"0"),, sizeList(_19354:List@LIST)),, Bool@BOOL-SYNTAX(#"true")),, _andBool_(_==K_(_<Int_(Int@INT-SYNTAX(#"0"),, sizeList(_9317:List@LIST)),, Bool@BOOL-SYNTAX(#"true")),, _andBool_(_==K_(#onPort(_,_)(_1560:PacketList@CONFIGURATION,, Int@INT-SYNTAX(#"0")),, _+Int_(#onPort(_,_)(_1560:PacketList@CONFIGURATION,, Int@INT-SYNTAX(#"1")),, Int@INT-SYNTAX(#"1"))),, _andBool_(_==K_(_+Int_(#onPort(_,_)(_1560:PacketList@CONFIGURATION,, Int@INT-SYNTAX(#"0")),, #onPort(_,_)(_1560:PacketList@CONFIGURATION,, Int@INT-SYNTAX(#"1"))),, #packetListSize(_)(_1560:PacketList@CONFIGURATION)),, _andBool_(_==K_(_+Int_(Int@INT-SYNTAX(#"1"),, #onPort(_,_)(_1560:PacketList@CONFIGURATION,, Int@INT-SYNTAX(#"0"))),, _+Int_(_+Int_(Int@INT-SYNTAX(#"1"),, #onPort(_,_)(_1560:PacketList@CONFIGURATION,, Int@INT-SYNTAX(#"1"))),, Int@INT-SYNTAX(#"1"))),, _andBool_(_==K_(_+Int_(_+Int_(Int@INT-SYNTAX(#"1"),, #onPort(_,_)(_1560:PacketList@CONFIGURATION,, Int@INT-SYNTAX(#"0"))),, _+Int_(Int@INT-SYNTAX(#"1"),, #onPort(_,_)(_1560:PacketList@CONFIGURATION,, Int@INT-SYNTAX(#"1")))),, _+Int_(Int@INT-SYNTAX(#"1"),, _+Int_(Int@INT-SYNTAX(#"1"),, #packetListSize(_)(_1560:PacketList@CONFIGURATION)))),, _andBool_(_==K_(_<=Int_(absInt(_-Int_(#onPort(_,_)(_19598:PacketList@CONFIGURATION,, Int@INT-SYNTAX(#"0")),, #onPort(_,_)(_19598:PacketList@CONFIGURATION,, Int@INT-SYNTAX(#"1")))),, Int@INT-SYNTAX(#"1")),, Bool@BOOL-SYNTAX(#"true")),, _andBool_(_==K_(_+Int_(#onPort(_,_)(_19598:PacketList@CONFIGURATION,, Int@INT-SYNTAX(#"0")),, #onPort(_,_)(_19598:PacketList@CONFIGURATION,, Int@INT-SYNTAX(#"1"))),, #packetListSize(_)(_19598:PacketList@CONFIGURATION)),, _==K_(_+Int_(#packetListSize(_)(_9427:PacketList@CONFIGURATION),, _+Int_(Int@INT-SYNTAX(#"1"),, _+Int_(Int@INT-SYNTAX(#"1"),, #packetListSize(_)(_1560:PacketList@CONFIGURATION)))),, #packetListSize(_)(_19598:PacketList@CONFIGURATION))))))))))))
  implies 
	_andBool_(_==K_(_<=Int_(absInt(_-Int_(#onPort(_,_)(_19598:PacketList@CONFIGURATION,, Int@INT-SYNTAX(#"0")),, #onPort(_,_)(_19598:PacketList@CONFIGURATION,, Int@INT-SYNTAX(#"1")))),, Int@INT-SYNTAX(#"1")),, Bool@BOOL-SYNTAX(#"true")),, _andBool_(_==K_(_+Int_(#onPort(_,_)(_19598:PacketList@CONFIGURATION,, Int@INT-SYNTAX(#"0")),, #onPort(_,_)(_19598:PacketList@CONFIGURATION,, Int@INT-SYNTAX(#"1"))),, #packetListSize(_)(_19598:PacketList@CONFIGURATION)),, _==K_(_+Int_(_+Int_(Int@INT-SYNTAX(#"1"),, _+Int_(Int@INT-SYNTAX(#"1"),, #packetListSize(_)(_9427:PacketList@CONFIGURATION))),, #packetListSize(_)(_1560:PacketList@CONFIGURATION)),, #packetListSize(_)(_19598:PacketList@CONFIGURATION))))
Proved!
Attempting to prove: 
	_andBool_(_==K_(_1558:PacketList@CONFIGURATION,, $consPacketList(_,_)($packet(_,_)(_9348:List@LIST,, _1645:Int@INT-SYNTAX),, $consPacketList(_,_)($packet(_,_)(_19385:List@LIST,, _9479:Int@INT-SYNTAX),, _9483:PacketList@CONFIGURATION))),, _andBool_(_==K_(_1559:Int@INT-SYNTAX,, Int@INT-SYNTAX(#"1")),, _andBool_(_==K_(_<Int_(Int@INT-SYNTAX(#"0"),, sizeList(_19385:List@LIST)),, Bool@BOOL-SYNTAX(#"true")),, _andBool_(_==K_(_>=Int_(Int@INT-SYNTAX(#"0"),, sizeList(_9348:List@LIST)),, Bool@BOOL-SYNTAX(#"true")),, _andBool_(_==K_(#onPort(_,_)(_1560:PacketList@CONFIGURATION,, Int@INT-SYNTAX(#"0")),, _+Int_(#onPort(_,_)(_1560:PacketList@CONFIGURATION,, Int@INT-SYNTAX(#"1")),, Int@INT-SYNTAX(#"1"))),, _andBool_(_==K_(_+Int_(#onPort(_,_)(_1560:PacketList@CONFIGURATION,, Int@INT-SYNTAX(#"0")),, #onPort(_,_)(_1560:PacketList@CONFIGURATION,, Int@INT-SYNTAX(#"1"))),, #packetListSize(_)(_1560:PacketList@CONFIGURATION)),, _andBool_(_==K_(_+Int_(Int@INT-SYNTAX(#"1"),, #onPort(_,_)(_1560:PacketList@CONFIGURATION,, Int@INT-SYNTAX(#"0"))),, _+Int_(_+Int_(Int@INT-SYNTAX(#"1"),, #onPort(_,_)(_1560:PacketList@CONFIGURATION,, Int@INT-SYNTAX(#"1"))),, Int@INT-SYNTAX(#"1"))),, _andBool_(_==K_(_+Int_(_+Int_(Int@INT-SYNTAX(#"1"),, #onPort(_,_)(_1560:PacketList@CONFIGURATION,, Int@INT-SYNTAX(#"0"))),, _+Int_(Int@INT-SYNTAX(#"1"),, #onPort(_,_)(_1560:PacketList@CONFIGURATION,, Int@INT-SYNTAX(#"1")))),, _+Int_(Int@INT-SYNTAX(#"1"),, _+Int_(Int@INT-SYNTAX(#"1"),, #packetListSize(_)(_1560:PacketList@CONFIGURATION)))),, _andBool_(_==K_(_<=Int_(absInt(_-Int_(#onPort(_,_)(_19628:PacketList@CONFIGURATION,, Int@INT-SYNTAX(#"0")),, #onPort(_,_)(_19628:PacketList@CONFIGURATION,, Int@INT-SYNTAX(#"1")))),, Int@INT-SYNTAX(#"1")),, Bool@BOOL-SYNTAX(#"true")),, _andBool_(_==K_(_+Int_(#onPort(_,_)(_19628:PacketList@CONFIGURATION,, Int@INT-SYNTAX(#"0")),, #onPort(_,_)(_19628:PacketList@CONFIGURATION,, Int@INT-SYNTAX(#"1"))),, #packetListSize(_)(_19628:PacketList@CONFIGURATION)),, _==K_(_+Int_(#packetListSize(_)(_9483:PacketList@CONFIGURATION),, _+Int_(Int@INT-SYNTAX(#"1"),, _+Int_(Int@INT-SYNTAX(#"1"),, #packetListSize(_)(_1560:PacketList@CONFIGURATION)))),, #packetListSize(_)(_19628:PacketList@CONFIGURATION))))))))))))
  implies 
	_andBool_(_==K_(_<=Int_(absInt(_-Int_(#onPort(_,_)(_19628:PacketList@CONFIGURATION,, Int@INT-SYNTAX(#"0")),, #onPort(_,_)(_19628:PacketList@CONFIGURATION,, Int@INT-SYNTAX(#"1")))),, Int@INT-SYNTAX(#"1")),, Bool@BOOL-SYNTAX(#"true")),, _andBool_(_==K_(_+Int_(#onPort(_,_)(_19628:PacketList@CONFIGURATION,, Int@INT-SYNTAX(#"0")),, #onPort(_,_)(_19628:PacketList@CONFIGURATION,, Int@INT-SYNTAX(#"1"))),, #packetListSize(_)(_19628:PacketList@CONFIGURATION)),, _==K_(_+Int_(_+Int_(Int@INT-SYNTAX(#"1"),, _+Int_(Int@INT-SYNTAX(#"1"),, #packetListSize(_)(_9483:PacketList@CONFIGURATION))),, #packetListSize(_)(_1560:PacketList@CONFIGURATION)),, #packetListSize(_)(_19628:PacketList@CONFIGURATION))))
Proved!
Attempting to prove: 
	_andBool_(_==K_(_1558:PacketList@CONFIGURATION,, $consPacketList(_,_)($packet(_,_)(_9348:List@LIST,, _1645:Int@INT-SYNTAX),, $consPacketList(_,_)($packet(_,_)(_19416:List@LIST,, _9479:Int@INT-SYNTAX),, _9483:PacketList@CONFIGURATION))),, _andBool_(_==K_(_1559:Int@INT-SYNTAX,, Int@INT-SYNTAX(#"1")),, _andBool_(_==K_(_>=Int_(Int@INT-SYNTAX(#"0"),, sizeList(_19416:List@LIST)),, Bool@BOOL-SYNTAX(#"true")),, _andBool_(_==K_(_>=Int_(Int@INT-SYNTAX(#"0"),, sizeList(_9348:List@LIST)),, Bool@BOOL-SYNTAX(#"true")),, _andBool_(_==K_(#onPort(_,_)(_1560:PacketList@CONFIGURATION,, Int@INT-SYNTAX(#"0")),, _+Int_(#onPort(_,_)(_1560:PacketList@CONFIGURATION,, Int@INT-SYNTAX(#"1")),, Int@INT-SYNTAX(#"1"))),, _andBool_(_==K_(_+Int_(#onPort(_,_)(_1560:PacketList@CONFIGURATION,, Int@INT-SYNTAX(#"0")),, #onPort(_,_)(_1560:PacketList@CONFIGURATION,, Int@INT-SYNTAX(#"1"))),, #packetListSize(_)(_1560:PacketList@CONFIGURATION)),, _andBool_(_==K_(_+Int_(Int@INT-SYNTAX(#"1"),, #onPort(_,_)(_1560:PacketList@CONFIGURATION,, Int@INT-SYNTAX(#"0"))),, _+Int_(_+Int_(Int@INT-SYNTAX(#"1"),, #onPort(_,_)(_1560:PacketList@CONFIGURATION,, Int@INT-SYNTAX(#"1"))),, Int@INT-SYNTAX(#"1"))),, _andBool_(_==K_(_+Int_(_+Int_(Int@INT-SYNTAX(#"1"),, #onPort(_,_)(_1560:PacketList@CONFIGURATION,, Int@INT-SYNTAX(#"0"))),, _+Int_(Int@INT-SYNTAX(#"1"),, #onPort(_,_)(_1560:PacketList@CONFIGURATION,, Int@INT-SYNTAX(#"1")))),, _+Int_(Int@INT-SYNTAX(#"1"),, _+Int_(Int@INT-SYNTAX(#"1"),, #packetListSize(_)(_1560:PacketList@CONFIGURATION)))),, _andBool_(_==K_(_<=Int_(absInt(_-Int_(#onPort(_,_)(_19658:PacketList@CONFIGURATION,, Int@INT-SYNTAX(#"0")),, #onPort(_,_)(_19658:PacketList@CONFIGURATION,, Int@INT-SYNTAX(#"1")))),, Int@INT-SYNTAX(#"1")),, Bool@BOOL-SYNTAX(#"true")),, _andBool_(_==K_(_+Int_(#onPort(_,_)(_19658:PacketList@CONFIGURATION,, Int@INT-SYNTAX(#"0")),, #onPort(_,_)(_19658:PacketList@CONFIGURATION,, Int@INT-SYNTAX(#"1"))),, #packetListSize(_)(_19658:PacketList@CONFIGURATION)),, _==K_(_+Int_(#packetListSize(_)(_9483:PacketList@CONFIGURATION),, _+Int_(Int@INT-SYNTAX(#"1"),, _+Int_(Int@INT-SYNTAX(#"1"),, #packetListSize(_)(_1560:PacketList@CONFIGURATION)))),, #packetListSize(_)(_19658:PacketList@CONFIGURATION))))))))))))
  implies 
	_andBool_(_==K_(_<=Int_(absInt(_-Int_(#onPort(_,_)(_19658:PacketList@CONFIGURATION,, Int@INT-SYNTAX(#"0")),, #onPort(_,_)(_19658:PacketList@CONFIGURATION,, Int@INT-SYNTAX(#"1")))),, Int@INT-SYNTAX(#"1")),, Bool@BOOL-SYNTAX(#"true")),, _andBool_(_==K_(_+Int_(#onPort(_,_)(_19658:PacketList@CONFIGURATION,, Int@INT-SYNTAX(#"0")),, #onPort(_,_)(_19658:PacketList@CONFIGURATION,, Int@INT-SYNTAX(#"1"))),, #packetListSize(_)(_19658:PacketList@CONFIGURATION)),, _==K_(_+Int_(_+Int_(Int@INT-SYNTAX(#"1"),, _+Int_(Int@INT-SYNTAX(#"1"),, #packetListSize(_)(_9483:PacketList@CONFIGURATION))),, #packetListSize(_)(_1560:PacketList@CONFIGURATION)),, #packetListSize(_)(_19658:PacketList@CONFIGURATION))))
Proved!
true

real	1m20.423s
user	6m59.052s
sys	0m12.210s
